------------------------------------------------------------------------------------------------------------------------

[2019-06-29 09:24:29 #1 store] 
Database 'C:\Users\user\EclipsePhotonWorkspace\QuizzInterfaceTests\S(E)LearningV2\objectdb\db\GameDataBase.odb' is opened by 218520@LAPTOP-3D2HNVP7

[2019-06-29 09:24:29 #2 store] 
Configuration path: C:\Users\user\EclipsePhotonWorkspace\Bibliotecas\objectdb-2.7.5\objectdb.conf

[2019-06-29 09:24:29 #3 type] 
Type model.PerguntaMultiplaEscolha is not enhanced.

[2019-06-29 09:24:29 #4 type] 
Type model.PerguntaVerdadeiroFalso is not enhanced.

[2019-06-29 09:24:29 #5 type] 
Type model.PerguntaRelacionar is not enhanced.

[2019-06-29 09:24:29 #6 type] 
Type model.ConfiguracoesJogo is not enhanced.

[2019-06-29 09:24:29 #7 store] 
Database 'C:\Users\user\EclipsePhotonWorkspace\QuizzInterfaceTests\S(E)LearningV2\objectdb\db\Loja.odb' has been recovered (tr. 18-25)

[2019-06-29 09:24:30 #8 store] 
Database 'C:\Users\user\EclipsePhotonWorkspace\QuizzInterfaceTests\S(E)LearningV2\objectdb\db\Loja.odb' is opened by 218520@LAPTOP-3D2HNVP7

[2019-06-29 09:24:30 #9 store] 
Configuration path: C:\Users\user\EclipsePhotonWorkspace\Bibliotecas\objectdb-2.7.5\objectdb.conf

[2019-06-29 09:24:30 #10 type] 
Type model.Item is not enhanced.

[2019-06-29 09:24:30 #11 type] 
Type model.Musica is not enhanced.

[2019-06-29 09:24:30 #12 type] 
Type model.AlunoPossuiItem is not enhanced.

[2019-06-29 09:24:30 #13 type] 
Type model.AlunoPossuiMusica is not enhanced.

[2019-06-29 09:24:30 #14 store] 
Database 'C:\Users\user\EclipsePhotonWorkspace\QuizzInterfaceTests\S(E)LearningV2\objectdb\db\Usuarios.odb' has been recovered (tr. 27-32)

[2019-06-29 09:24:30 #15 store] 
Database 'C:\Users\user\EclipsePhotonWorkspace\QuizzInterfaceTests\S(E)LearningV2\objectdb\db\Usuarios.odb' is opened by 218520@LAPTOP-3D2HNVP7

[2019-06-29 09:24:30 #16 store] 
Configuration path: C:\Users\user\EclipsePhotonWorkspace\Bibliotecas\objectdb-2.7.5\objectdb.conf

[2019-06-29 09:24:30 #17 type] 
Type model.Aluno is not enhanced.

[2019-06-29 09:24:30 #18 type] 
Type model.Professor is not enhanced.

[2019-06-29 09:41:26 #19 store] 
Database 'C:\Users\user\EclipsePhotonWorkspace\QuizzInterfaceTests\S(E)LearningV2\objectdb\db\Estatisticas.odb' has been recovered (tr. 102-114)

[2019-06-29 09:41:26 #20 store] 
Database 'C:\Users\user\EclipsePhotonWorkspace\QuizzInterfaceTests\S(E)LearningV2\objectdb\db\Estatisticas.odb' is opened by 218520@LAPTOP-3D2HNVP7

[2019-06-29 09:41:26 #21 store] 
Configuration path: C:\Users\user\EclipsePhotonWorkspace\Bibliotecas\objectdb-2.7.5\objectdb.conf

[2019-06-29 09:41:26 #22 type] 
Type model.Partida is not enhanced.

[2019-06-29 09:41:26 #23 type] 
Type model.Pergunta is not enhanced.

